Using pre-set license
Built from '2022.3/staging' branch; Version is '2022.3.4f1 (35713cd46cd7) revision 3502396'; Using compiler version '192829333'; Build Type 'Release'
OS: 'Windows 11  (10.0.22621) 64bit Professional' Language: 'tr' Physical Memory: 7599 MB
BatchMode: 1, IsHumanControllingUs: 0, StartBugReporterOnCrash: 0, Is64bit: 1, IsPro: 1

COMMAND LINE ARGUMENTS:
C:\Program Files\Unity\Hub\Editor\2022.3.4f1\Editor\Unity.exe
-adb2
-batchMode
-noUpm
-name
AssetImportWorker4
-projectPath
C:/Users/ilayd/OneDrive/Desktop/UNITY EGITIM/Solar System
-logFile
Logs/AssetImportWorker4.log
-srvPort
58953
Successfully changed project path to: C:/Users/ilayd/OneDrive/Desktop/UNITY EGITIM/Solar System
C:/Users/ilayd/OneDrive/Desktop/UNITY EGITIM/Solar System
[UnityMemory] Configuration Parameters - Can be set up in boot.config
    "memorysetup-bucket-allocator-granularity=16"
    "memorysetup-bucket-allocator-bucket-count=8"
    "memorysetup-bucket-allocator-block-size=33554432"
    "memorysetup-bucket-allocator-block-count=8"
    "memorysetup-main-allocator-block-size=16777216"
    "memorysetup-thread-allocator-block-size=16777216"
    "memorysetup-gfx-main-allocator-block-size=16777216"
    "memorysetup-gfx-thread-allocator-block-size=16777216"
    "memorysetup-cache-allocator-block-size=4194304"
    "memorysetup-typetree-allocator-block-size=2097152"
    "memorysetup-profiler-bucket-allocator-granularity=16"
    "memorysetup-profiler-bucket-allocator-bucket-count=8"
    "memorysetup-profiler-bucket-allocator-block-size=33554432"
    "memorysetup-profiler-bucket-allocator-block-count=8"
    "memorysetup-profiler-allocator-block-size=16777216"
    "memorysetup-profiler-editor-allocator-block-size=1048576"
    "memorysetup-temp-allocator-size-main=16777216"
    "memorysetup-job-temp-allocator-block-size=2097152"
    "memorysetup-job-temp-allocator-block-size-background=1048576"
    "memorysetup-job-temp-allocator-reduction-small-platforms=262144"
    "memorysetup-allocator-temp-initial-block-size-main=262144"
    "memorysetup-allocator-temp-initial-block-size-worker=262144"
    "memorysetup-temp-allocator-size-background-worker=32768"
    "memorysetup-temp-allocator-size-job-worker=262144"
    "memorysetup-temp-allocator-size-preload-manager=33554432"
    "memorysetup-temp-allocator-size-nav-mesh-worker=65536"
    "memorysetup-temp-allocator-size-audio-worker=65536"
    "memorysetup-temp-allocator-size-cloud-worker=32768"
    "memorysetup-temp-allocator-size-gi-baking-worker=262144"
    "memorysetup-temp-allocator-size-gfx=262144"
Player connection [2912] Host "[IP] 172.18.64.1 [Port] 0 [Flags] 2 [Guid] 2207800227 [EditorId] 2207800227 [Version] 1048832 [Id] WindowsEditor(7,ilayda) [Debug] 1 [PackageName] WindowsEditor [ProjectName] Editor" joined multi-casting on [225.0.0.222:54997]...

Player connection [2912] Host "[IP] 172.18.64.1 [Port] 0 [Flags] 2 [Guid] 2207800227 [EditorId] 2207800227 [Version] 1048832 [Id] WindowsEditor(7,ilayda) [Debug] 1 [PackageName] WindowsEditor [ProjectName] Editor" joined alternative multi-casting on [225.0.0.222:34997]...

Refreshing native plugins compatible for Editor in 40.35 ms, found 3 plugins.
Preloading 0 native plugins for Editor in 0.00 ms.
Initialize engine version: 2022.3.4f1 (35713cd46cd7)
[Subsystems] Discovering subsystems at path C:/Program Files/Unity/Hub/Editor/2022.3.4f1/Editor/Data/Resources/UnitySubsystems
[Subsystems] Discovering subsystems at path C:/Users/ilayd/OneDrive/Desktop/UNITY EGITIM/Solar System/Assets
GfxDevice: creating device client; threaded=0; jobified=0
Direct3D:
    Version:  Direct3D 11.0 [level 11.1]
    Renderer: NVIDIA GeForce GTX 1650 (ID=0x1f9d)
    Vendor:   NVIDIA
    VRAM:     3950 MB
    Driver:   31.0.15.3179
Initialize mono
Mono path[0] = 'C:/Program Files/Unity/Hub/Editor/2022.3.4f1/Editor/Data/Managed'
Mono path[1] = 'C:/Program Files/Unity/Hub/Editor/2022.3.4f1/Editor/Data/MonoBleedingEdge/lib/mono/unityjit-win32'
Mono config path = 'C:/Program Files/Unity/Hub/Editor/2022.3.4f1/Editor/Data/MonoBleedingEdge/etc'
Using monoOptions --debugger-agent=transport=dt_socket,embedding=1,server=y,suspend=n,address=127.0.0.1:56072
Begin MonoManager ReloadAssembly
Registering precompiled unity dll's ...
Register platform support module: C:/Program Files/Unity/Hub/Editor/2022.3.4f1/Editor/Data/PlaybackEngines/WebGLSupport/UnityEditor.WebGL.Extensions.dll
Register platform support module: C:/Program Files/Unity/Hub/Editor/2022.3.4f1/Editor/Data/PlaybackEngines/AndroidPlayer/UnityEditor.Android.Extensions.dll
Register platform support module: C:/Program Files/Unity/Hub/Editor/2022.3.4f1/Editor/Data/PlaybackEngines/WindowsStandaloneSupport/UnityEditor.WindowsStandalone.Extensions.dll
Register platform support module: C:/Program Files/Unity/Hub/Editor/2022.3.4f1/Editor/Data/PlaybackEngines/MetroSupport/UnityEditor.UWP.Extensions.dll
Registered in 0.014486 seconds.
- Loaded All Assemblies, in  0.447 seconds
Native extension for UWP target not found
Native extension for WindowsStandalone target not found
Native extension for Android target not found
Android Extension - Scanning For ADB Devices 210 ms
Native extension for WebGL target not found
Mono: successfully reloaded assembly
- Finished resetting the current domain, in  0.565 seconds
Domain Reload Profiling: 1011ms
	BeginReloadAssembly (143ms)
		ExecutionOrderSort (0ms)
		DisableScriptedObjects (0ms)
		BackupInstance (0ms)
		ReleaseScriptingObjects (0ms)
		CreateAndSetChildDomain (1ms)
	RebuildCommonClasses (38ms)
	RebuildNativeTypeToScriptingClass (11ms)
	initialDomainReloadingComplete (72ms)
	LoadAllAssembliesAndSetupDomain (182ms)
		LoadAssemblies (142ms)
		RebuildTransferFunctionScriptingTraits (0ms)
		AnalyzeDomain (175ms)
			TypeCache.Refresh (174ms)
				TypeCache.ScanAssembly (155ms)
			ScanForSourceGeneratedMonoScriptInfo (1ms)
			ResolveRequiredComponents (0ms)
	FinalizeReload (566ms)
		ReleaseScriptCaches (0ms)
		RebuildScriptCaches (0ms)
		SetupLoadedEditorAssemblies (499ms)
			LogAssemblyErrors (0ms)
			InitializePlatformSupportModulesInManaged (335ms)
			SetLoadedEditorAssemblies (4ms)
			RefreshPlugins (0ms)
			BeforeProcessingInitializeOnLoad (3ms)
			ProcessInitializeOnLoadAttributes (105ms)
			ProcessInitializeOnLoadMethodAttributes (52ms)
			AfterProcessingInitializeOnLoad (0ms)
			EditorAssembliesLoaded (0ms)
		ExecutionOrderSort2 (0ms)
		AwakeInstancesAfterBackupRestoration (0ms)
========================================================================
Worker process is ready to serve import requests
Begin MonoManager ReloadAssembly
Symbol file LoadedFromMemory doesn't match image C:\Users\ilayd\OneDrive\Desktop\UNITY EGITIM\Solar System\Library\PackageCache\com.unity.visualscripting@1.8.0\Editor\VisualScripting.Core\Dependencies\YamlDotNet\Unity.VisualScripting.YamlDotNet.dll
Symbol file LoadedFromMemory doesn't match image C:\Users\ilayd\OneDrive\Desktop\UNITY EGITIM\Solar System\Library\PackageCache\com.unity.visualscripting@1.8.0\Editor\VisualScripting.Core\Dependencies\DotNetZip\Unity.VisualScripting.IonicZip.dll
- Loaded All Assemblies, in  1.010 seconds
Refreshing native plugins compatible for Editor in 3.09 ms, found 3 plugins.
Native extension for UWP target not found
Native extension for WindowsStandalone target not found
Native extension for Android target not found
Native extension for WebGL target not found
Mono: successfully reloaded assembly
- Finished resetting the current domain, in  0.645 seconds
Domain Reload Profiling: 1653ms
	BeginReloadAssembly (169ms)
		ExecutionOrderSort (0ms)
		DisableScriptedObjects (5ms)
		BackupInstance (0ms)
		ReleaseScriptingObjects (0ms)
		CreateAndSetChildDomain (29ms)
	RebuildCommonClasses (42ms)
	RebuildNativeTypeToScriptingClass (12ms)
	initialDomainReloadingComplete (44ms)
	LoadAllAssembliesAndSetupDomain (741ms)
		LoadAssemblies (485ms)
		RebuildTransferFunctionScriptingTraits (0ms)
		AnalyzeDomain (344ms)
			TypeCache.Refresh (321ms)
				TypeCache.ScanAssembly (300ms)
			ScanForSourceGeneratedMonoScriptInfo (19ms)
			ResolveRequiredComponents (4ms)
	FinalizeReload (646ms)
		ReleaseScriptCaches (0ms)
		RebuildScriptCaches (0ms)
		SetupLoadedEditorAssemblies (475ms)
			LogAssemblyErrors (0ms)
			InitializePlatformSupportModulesInManaged (29ms)
			SetLoadedEditorAssemblies (5ms)
			RefreshPlugins (0ms)
			BeforeProcessingInitializeOnLoad (59ms)
			ProcessInitializeOnLoadAttributes (356ms)
			ProcessInitializeOnLoadMethodAttributes (21ms)
			AfterProcessingInitializeOnLoad (5ms)
			EditorAssembliesLoaded (0ms)
		ExecutionOrderSort2 (0ms)
		AwakeInstancesAfterBackupRestoration (9ms)
Launched and connected shader compiler UnityShaderCompiler.exe after 0.05 seconds
Refreshing native plugins compatible for Editor in 2.52 ms, found 3 plugins.
Preloading 0 native plugins for Editor in 0.00 ms.
Unloading 3066 Unused Serialized files (Serialized files now loaded: 0)
Unloading 31 unused Assets / (56.6 KB). Loaded Objects now: 3533.
Memory consumption went from 121.2 MB to 121.2 MB.
Total: 4.094800 ms (FindLiveObjects: 0.370000 ms CreateObjectMapping: 0.103100 ms MarkObjects: 3.409200 ms  DeleteObjects: 0.209700 ms)

AssetImportParameters requested are different than current active one (requested -> active):
  custom:container-demuxer-ogg: 62fdf1f143b41e24485cea50d1cbac27 -> 
  custom:video-codec-MediaFoundation-h265: 746d11721c4dcdbdad8f713fa42b33f4 -> 
  custom:video-decoder-ogg-theora: a1e56fd34408186e4bbccfd4996cb3dc -> 
  custom:framework-win-MediaFoundation: 216162199b28c13a410421893ffa2e32 -> 
  custom:CustomObjectIndexerAttribute: 756ad292c208cfabdd7b50bc23989ffe -> 
  custom:container-demuxer-webm: 4f35f7cbe854078d1ac9338744f61a02 -> 
  custom:container-muxer-webm: aa71ff27fc2769a1b78a27578f13a17b -> 
  custom:video-decoder-webm-vp8: 9c59270c3fd7afecdb556c50c9e8de78 -> 
  custom:AudioImporter_EditorPlatform: d09bf68614088b80899f8185d706f6e7 -> 
  custom:video-encoder-webm-vp8: eb34c28f22e8b96e1ab97ce403110664 -> 
  custom:audio-decoder-ogg-vorbis: bf7c407c2cedff20999df2af8eb42d56 -> 
  custom:audio-encoder-webm-vorbis: bf7c407c2cedff20999df2af8eb42d56 -> 
========================================================================
Received Import Request.
  Time since last request: 541774.346591 seconds.
  path: Assets/Materials/Gunes.mat
  artifactKey: Guid(a996b124306ceed44ab5f2d796cdb4a0) Importer(815301076,1909f56bfc062723c751e8b465ee728b)
Start importing Assets/Materials/Gunes.mat using Guid(a996b124306ceed44ab5f2d796cdb4a0) Importer(815301076,1909f56bfc062723c751e8b465ee728b)  -> (artifact id: 'd9429b7b7dca141ad6d5bc2802aad55b') in 0.377658 seconds
Number of updated asset objects reloaded before import = 0
Number of asset objects unloaded after import = 1
========================================================================
Received Prepare
Begin MonoManager ReloadAssembly
Symbol file LoadedFromMemory doesn't match image C:\Users\ilayd\OneDrive\Desktop\UNITY EGITIM\Solar System\Library\PackageCache\com.unity.visualscripting@1.8.0\Editor\VisualScripting.Core\Dependencies\YamlDotNet\Unity.VisualScripting.YamlDotNet.dll
Symbol file LoadedFromMemory doesn't match image C:\Users\ilayd\OneDrive\Desktop\UNITY EGITIM\Solar System\Library\PackageCache\com.unity.visualscripting@1.8.0\Editor\VisualScripting.Core\Dependencies\DotNetZip\Unity.VisualScripting.IonicZip.dll
- Loaded All Assemblies, in  1.321 seconds
Refreshing native plugins compatible for Editor in 2.45 ms, found 3 plugins.
Native extension for UWP target not found
Native extension for WindowsStandalone target not found
Native extension for Android target not found
Native extension for WebGL target not found
Mono: successfully reloaded assembly
- Finished resetting the current domain, in  1.619 seconds
Domain Reload Profiling: 2938ms
	BeginReloadAssembly (260ms)
		ExecutionOrderSort (0ms)
		DisableScriptedObjects (7ms)
		BackupInstance (0ms)
		ReleaseScriptingObjects (0ms)
		CreateAndSetChildDomain (72ms)
	RebuildCommonClasses (40ms)
	RebuildNativeTypeToScriptingClass (13ms)
	initialDomainReloadingComplete (52ms)
	LoadAllAssembliesAndSetupDomain (953ms)
		LoadAssemblies (562ms)
		RebuildTransferFunctionScriptingTraits (0ms)
		AnalyzeDomain (507ms)
			TypeCache.Refresh (497ms)
				TypeCache.ScanAssembly (396ms)
			ScanForSourceGeneratedMonoScriptInfo (6ms)
			ResolveRequiredComponents (4ms)
	FinalizeReload (1620ms)
		ReleaseScriptCaches (0ms)
		RebuildScriptCaches (0ms)
		SetupLoadedEditorAssemblies (332ms)
			LogAssemblyErrors (0ms)
			InitializePlatformSupportModulesInManaged (35ms)
			SetLoadedEditorAssemblies (5ms)
			RefreshPlugins (0ms)
			BeforeProcessingInitializeOnLoad (58ms)
			ProcessInitializeOnLoadAttributes (210ms)
			ProcessInitializeOnLoadMethodAttributes (19ms)
			AfterProcessingInitializeOnLoad (4ms)
			EditorAssembliesLoaded (0ms)
		ExecutionOrderSort2 (0ms)
		AwakeInstancesAfterBackupRestoration (8ms)
Refreshing native plugins compatible for Editor in 2.63 ms, found 3 plugins.
Preloading 0 native plugins for Editor in 0.00 ms.
Unloading 3058 Unused Serialized files (Serialized files now loaded: 0)
Unloading 22 unused Assets / (30.5 KB). Loaded Objects now: 3577.
Memory consumption went from 119.7 MB to 119.7 MB.
Total: 5.803700 ms (FindLiveObjects: 0.447100 ms CreateObjectMapping: 0.155900 ms MarkObjects: 5.101500 ms  DeleteObjects: 0.097100 ms)

Prepare: number of updated asset objects reloaded= 0
AssetImportParameters requested are different than current active one (requested -> active):
  custom:container-demuxer-ogg: 62fdf1f143b41e24485cea50d1cbac27 -> 
  custom:video-codec-MediaFoundation-h265: 746d11721c4dcdbdad8f713fa42b33f4 -> 
  custom:video-decoder-ogg-theora: a1e56fd34408186e4bbccfd4996cb3dc -> 
  custom:framework-win-MediaFoundation: 216162199b28c13a410421893ffa2e32 -> 
  custom:CustomObjectIndexerAttribute: 756ad292c208cfabdd7b50bc23989ffe -> 
  custom:container-demuxer-webm: 4f35f7cbe854078d1ac9338744f61a02 -> 
  custom:container-muxer-webm: aa71ff27fc2769a1b78a27578f13a17b -> 
  custom:video-decoder-webm-vp8: 9c59270c3fd7afecdb556c50c9e8de78 -> 
  custom:AudioImporter_EditorPlatform: d09bf68614088b80899f8185d706f6e7 -> 
  custom:video-encoder-webm-vp8: eb34c28f22e8b96e1ab97ce403110664 -> 
  custom:audio-decoder-ogg-vorbis: bf7c407c2cedff20999df2af8eb42d56 -> 
  custom:audio-encoder-webm-vorbis: bf7c407c2cedff20999df2af8eb42d56 -> 
========================================================================
Received Import Request.
  Time since last request: 2563.799386 seconds.
  path: Assets/Materials/Dunya.mat
  artifactKey: Guid(6f463c4e7c6ea0f4787736b00b64968f) Importer(815301076,1909f56bfc062723c751e8b465ee728b)
Start importing Assets/Materials/Dunya.mat using Guid(6f463c4e7c6ea0f4787736b00b64968f) Importer(815301076,1909f56bfc062723c751e8b465ee728b)  -> (artifact id: '40e3b64cfd3aed268a08343d64ac53d5') in 0.376749 seconds
Number of updated asset objects reloaded before import = 0
Number of asset objects unloaded after import = 1
========================================================================
Received Import Request.
  Time since last request: 69.863337 seconds.
  path: Assets/Materials/Dunya.mat
  artifactKey: Guid(6f463c4e7c6ea0f4787736b00b64968f) Importer(815301076,1909f56bfc062723c751e8b465ee728b)
Start importing Assets/Materials/Dunya.mat using Guid(6f463c4e7c6ea0f4787736b00b64968f) Importer(815301076,1909f56bfc062723c751e8b465ee728b)  -> (artifact id: 'c5137d74b0b30fc78af0d0f68253593b') in 0.046892 seconds
Number of updated asset objects reloaded before import = 0
Number of asset objects unloaded after import = 2
========================================================================
Received Import Request.
  Time since last request: 0.000398 seconds.
  path: Assets/Materials/Gunes 1.mat
  artifactKey: Guid(26e0d90b1ebc7db4684a68ef95bdb5fa) Importer(815301076,1909f56bfc062723c751e8b465ee728b)
Start importing Assets/Materials/Gunes 1.mat using Guid(26e0d90b1ebc7db4684a68ef95bdb5fa) Importer(815301076,1909f56bfc062723c751e8b465ee728b)  -> (artifact id: 'f9c4312e9a2329033b8b05583ac132bf') in 0.050486 seconds
Number of updated asset objects reloaded before import = 0
Number of asset objects unloaded after import = 2
========================================================================
Received Import Request.
  Time since last request: 0.527016 seconds.
  path: Assets/Materials/Gunes.mat
  artifactKey: Guid(a996b124306ceed44ab5f2d796cdb4a0) Importer(815301076,1909f56bfc062723c751e8b465ee728b)
Start importing Assets/Materials/Gunes.mat using Guid(a996b124306ceed44ab5f2d796cdb4a0) Importer(815301076,1909f56bfc062723c751e8b465ee728b)  -> (artifact id: '24d620a0c22b7a04567a14359f91bacf') in 0.034551 seconds
Number of updated asset objects reloaded before import = 0
Number of asset objects unloaded after import = 2
========================================================================
Received Import Request.
  Time since last request: 0.000036 seconds.
  path: Assets/Materials/Gunes 2.mat
  artifactKey: Guid(7080550b555fe104497c6bb6a420fb84) Importer(815301076,1909f56bfc062723c751e8b465ee728b)
Start importing Assets/Materials/Gunes 2.mat using Guid(7080550b555fe104497c6bb6a420fb84) Importer(815301076,1909f56bfc062723c751e8b465ee728b)  -> (artifact id: 'd3d44c1890b0e44c797c69e79b0bcad5') in 0.041294 seconds
Number of updated asset objects reloaded before import = 0
Number of asset objects unloaded after import = 2
========================================================================
Received Import Request.
  Time since last request: 0.482401 seconds.
  path: Assets/Materials/Gunes 3.mat
  artifactKey: Guid(3a0f39f97e47e9b49b25e4e308778611) Importer(815301076,1909f56bfc062723c751e8b465ee728b)
Start importing Assets/Materials/Gunes 3.mat using Guid(3a0f39f97e47e9b49b25e4e308778611) Importer(815301076,1909f56bfc062723c751e8b465ee728b)  -> (artifact id: '15a6a7b90f894afb0d53de602ba8f79e') in 0.029797 seconds
Number of updated asset objects reloaded before import = 0
Number of asset objects unloaded after import = 2
========================================================================
Received Import Request.
  Time since last request: 3.740067 seconds.
  path: Assets/Materials/Gunes 4.mat
  artifactKey: Guid(2682fb213c3d0af4aa0e6263d60953fd) Importer(815301076,1909f56bfc062723c751e8b465ee728b)
Start importing Assets/Materials/Gunes 4.mat using Guid(2682fb213c3d0af4aa0e6263d60953fd) Importer(815301076,1909f56bfc062723c751e8b465ee728b)  -> (artifact id: '981fe6f378ebedb290f95b026656f26f') in 0.030981 seconds
Number of updated asset objects reloaded before import = 0
Number of asset objects unloaded after import = 2
========================================================================
Received Import Request.
  Time since last request: 0.639207 seconds.
  path: Assets/Materials/Gunes 5.mat
  artifactKey: Guid(53d791cd40ec28d49aa111e8cbe9da3b) Importer(815301076,1909f56bfc062723c751e8b465ee728b)
Start importing Assets/Materials/Gunes 5.mat using Guid(53d791cd40ec28d49aa111e8cbe9da3b) Importer(815301076,1909f56bfc062723c751e8b465ee728b)  -> (artifact id: 'b855ced0315b9e7d1cf6ab88490be45f') in 0.035863 seconds
Number of updated asset objects reloaded before import = 0
Number of asset objects unloaded after import = 2
========================================================================
Received Import Request.
  Time since last request: 0.780704 seconds.
  path: Assets/Materials/Gunes 6.mat
  artifactKey: Guid(90988151b280a9a4a8c82544f67ad5cf) Importer(815301076,1909f56bfc062723c751e8b465ee728b)
Start importing Assets/Materials/Gunes 6.mat using Guid(90988151b280a9a4a8c82544f67ad5cf) Importer(815301076,1909f56bfc062723c751e8b465ee728b)  -> (artifact id: 'c25f8443573f197dea6ae559226f40c9') in 0.028213 seconds
Number of updated asset objects reloaded before import = 0
Number of asset objects unloaded after import = 2
========================================================================
Received Import Request.
  Time since last request: 0.728367 seconds.
  path: Assets/Materials/Gunes 7.mat
  artifactKey: Guid(c699e883efc9a4b4d8a138da243545b9) Importer(815301076,1909f56bfc062723c751e8b465ee728b)
Start importing Assets/Materials/Gunes 7.mat using Guid(c699e883efc9a4b4d8a138da243545b9) Importer(815301076,1909f56bfc062723c751e8b465ee728b)  -> (artifact id: 'a359606ec4200b4672b3632835615202') in 0.032113 seconds
Number of updated asset objects reloaded before import = 0
Number of asset objects unloaded after import = 2
========================================================================
Received Import Request.
  Time since last request: 0.735789 seconds.
  path: Assets/Materials/Gunes 8.mat
  artifactKey: Guid(c67bbe51c6ac6fd4ca4532bee9f8318f) Importer(815301076,1909f56bfc062723c751e8b465ee728b)
Start importing Assets/Materials/Gunes 8.mat using Guid(c67bbe51c6ac6fd4ca4532bee9f8318f) Importer(815301076,1909f56bfc062723c751e8b465ee728b)  -> (artifact id: '87f33ee672d47635f6234081ef3fdb34') in 0.030100 seconds
Number of updated asset objects reloaded before import = 0
Number of asset objects unloaded after import = 2
========================================================================
Received Import Request.
  Time since last request: 6.750986 seconds.
  path: Assets/Materials/Ay.mat
  artifactKey: Guid(26e0d90b1ebc7db4684a68ef95bdb5fa) Importer(815301076,1909f56bfc062723c751e8b465ee728b)
Start importing Assets/Materials/Ay.mat using Guid(26e0d90b1ebc7db4684a68ef95bdb5fa) Importer(815301076,1909f56bfc062723c751e8b465ee728b)  -> (artifact id: '362105a2fc876837f4c08592ec9a43b4') in 0.033074 seconds
Number of updated asset objects reloaded before import = 0
Number of asset objects unloaded after import = 2
========================================================================
Received Import Request.
  Time since last request: 62.433898 seconds.
  path: Assets/Materials/Merkur.mat
  artifactKey: Guid(7080550b555fe104497c6bb6a420fb84) Importer(815301076,1909f56bfc062723c751e8b465ee728b)
Start importing Assets/Materials/Merkur.mat using Guid(7080550b555fe104497c6bb6a420fb84) Importer(815301076,1909f56bfc062723c751e8b465ee728b)  -> (artifact id: '60079b991089a7639c28f6a241c4696d') in 0.029448 seconds
Number of updated asset objects reloaded before import = 0
Number of asset objects unloaded after import = 2
========================================================================
Received Import Request.
  Time since last request: 18.935737 seconds.
  path: Assets/Materials/Venus.mat
  artifactKey: Guid(3a0f39f97e47e9b49b25e4e308778611) Importer(815301076,1909f56bfc062723c751e8b465ee728b)
Start importing Assets/Materials/Venus.mat using Guid(3a0f39f97e47e9b49b25e4e308778611) Importer(815301076,1909f56bfc062723c751e8b465ee728b)  -> (artifact id: '9cb20d90e96604680cb6fb62a992c133') in 0.031114 seconds
Number of updated asset objects reloaded before import = 0
Number of asset objects unloaded after import = 2
========================================================================
Received Import Request.
  Time since last request: 55.453895 seconds.
  path: Assets/Materials/Mars.mat
  artifactKey: Guid(2682fb213c3d0af4aa0e6263d60953fd) Importer(815301076,1909f56bfc062723c751e8b465ee728b)
Start importing Assets/Materials/Mars.mat using Guid(2682fb213c3d0af4aa0e6263d60953fd) Importer(815301076,1909f56bfc062723c751e8b465ee728b)  -> (artifact id: 'cf44d1afdbad7691dbe4a7843efe2f66') in 0.035683 seconds
Number of updated asset objects reloaded before import = 0
Number of asset objects unloaded after import = 2
========================================================================
Received Import Request.
  Time since last request: 7.580798 seconds.
  path: Assets/Materials/JupÄ±ter.mat
  artifactKey: Guid(53d791cd40ec28d49aa111e8cbe9da3b) Importer(815301076,1909f56bfc062723c751e8b465ee728b)
Start importing Assets/Materials/JupÄ±ter.mat using Guid(53d791cd40ec28d49aa111e8cbe9da3b) Importer(815301076,1909f56bfc062723c751e8b465ee728b)  -> (artifact id: '8a6938eea4f76dfcd85612564fd8dda6') in 0.030275 seconds
Number of updated asset objects reloaded before import = 0
Number of asset objects unloaded after import = 2
========================================================================
Received Import Request.
  Time since last request: 7.960280 seconds.
  path: Assets/Materials/Saturn.mat
  artifactKey: Guid(90988151b280a9a4a8c82544f67ad5cf) Importer(815301076,1909f56bfc062723c751e8b465ee728b)
Start importing Assets/Materials/Saturn.mat using Guid(90988151b280a9a4a8c82544f67ad5cf) Importer(815301076,1909f56bfc062723c751e8b465ee728b)  -> (artifact id: '9979e50eaac680d57ff6da497c45ef0e') in 0.031388 seconds
Number of updated asset objects reloaded before import = 0
Number of asset objects unloaded after import = 2
========================================================================
Received Import Request.
  Time since last request: 6.327046 seconds.
  path: Assets/Materials/Uranus.mat
  artifactKey: Guid(c699e883efc9a4b4d8a138da243545b9) Importer(815301076,1909f56bfc062723c751e8b465ee728b)
Start importing Assets/Materials/Uranus.mat using Guid(c699e883efc9a4b4d8a138da243545b9) Importer(815301076,1909f56bfc062723c751e8b465ee728b)  -> (artifact id: 'd9b9792aea094ac9a2e9a28e83a67b5e') in 0.035738 seconds
Number of updated asset objects reloaded before import = 0
Number of asset objects unloaded after import = 2
========================================================================
Received Import Request.
  Time since last request: 4.445931 seconds.
  path: Assets/Materials/Neptun.mat
  artifactKey: Guid(c67bbe51c6ac6fd4ca4532bee9f8318f) Importer(815301076,1909f56bfc062723c751e8b465ee728b)
Start importing Assets/Materials/Neptun.mat using Guid(c67bbe51c6ac6fd4ca4532bee9f8318f) Importer(815301076,1909f56bfc062723c751e8b465ee728b)  -> (artifact id: 'b6d595bfd12657f3e72a9f0d8fa57f0f') in 0.032289 seconds
Number of updated asset objects reloaded before import = 0
Number of asset objects unloaded after import = 2
========================================================================
Received Import Request.
  Time since last request: 266.574936 seconds.
  path: Assets/Prefabs
  artifactKey: Guid(12233532b74a59747beae3defe15b316) Importer(815301076,1909f56bfc062723c751e8b465ee728b)
Start importing Assets/Prefabs using Guid(12233532b74a59747beae3defe15b316) Importer(815301076,1909f56bfc062723c751e8b465ee728b)  -> (artifact id: '10dd4e70b1ed58accacbf0d9057e2f97') in 0.002205 seconds
Number of updated asset objects reloaded before import = 0
Number of asset objects unloaded after import = 0
========================================================================
Received Import Request.
  Time since last request: 17.426872 seconds.
  path: Assets/Prefabs/Mars.prefab
  artifactKey: Guid(900308caf636df643a15483ec22aa94d) Importer(815301076,1909f56bfc062723c751e8b465ee728b)
Start importing Assets/Prefabs/Mars.prefab using Guid(900308caf636df643a15483ec22aa94d) Importer(815301076,1909f56bfc062723c751e8b465ee728b)  -> (artifact id: '2c65e2c97b7fb86826a27bce09d2da1c') in 0.089250 seconds
Number of updated asset objects reloaded before import = 0
Number of asset objects unloaded after import = 8
========================================================================
Received Import Request.
  Time since last request: 0.001961 seconds.
  path: Assets/Prefabs/JupÄ±ter.prefab
  artifactKey: Guid(39a4441adcdbd6e4cbde579ffb1cddc9) Importer(815301076,1909f56bfc062723c751e8b465ee728b)
Start importing Assets/Prefabs/JupÄ±ter.prefab using Guid(39a4441adcdbd6e4cbde579ffb1cddc9) Importer(815301076,1909f56bfc062723c751e8b465ee728b)  -> (artifact id: '52fd93261605d09f1e162ddc85273d54') in 0.073987 seconds
Number of updated asset objects reloaded before import = 0
Number of asset objects unloaded after import = 8
========================================================================
Received Import Request.
  Time since last request: 0.000104 seconds.
  path: Assets/Prefabs/Merkur.prefab
  artifactKey: Guid(440996cc577bda54ea8ffb8e198eb8fd) Importer(815301076,1909f56bfc062723c751e8b465ee728b)
Start importing Assets/Prefabs/Merkur.prefab using Guid(440996cc577bda54ea8ffb8e198eb8fd) Importer(815301076,1909f56bfc062723c751e8b465ee728b)  -> (artifact id: 'e7915e31bf4983be0dab01e645737a51') in 0.068768 seconds
Number of updated asset objects reloaded before import = 0
Number of asset objects unloaded after import = 8
========================================================================
Received Import Request.
  Time since last request: 0.000101 seconds.
  path: Assets/Prefabs/Venus.prefab
  artifactKey: Guid(e33bb33d7e63e19478612bd5c8868ac8) Importer(815301076,1909f56bfc062723c751e8b465ee728b)
Start importing Assets/Prefabs/Venus.prefab using Guid(e33bb33d7e63e19478612bd5c8868ac8) Importer(815301076,1909f56bfc062723c751e8b465ee728b)  -> (artifact id: 'e9062420e4bad4865e53344a1a759c45') in 0.076910 seconds
Number of updated asset objects reloaded before import = 0
Number of asset objects unloaded after import = 8
========================================================================
Received Import Request.
  Time since last request: 0.000192 seconds.
  path: Assets/Prefabs/Neptun.prefab
  artifactKey: Guid(01f84a699c4f80741b556fbfd8bf1a46) Importer(815301076,1909f56bfc062723c751e8b465ee728b)
Start importing Assets/Prefabs/Neptun.prefab using Guid(01f84a699c4f80741b556fbfd8bf1a46) Importer(815301076,1909f56bfc062723c751e8b465ee728b)  -> (artifact id: 'ee4c10dd40a2c750010fd979287065dc') in 0.089404 seconds
Number of updated asset objects reloaded before import = 0
Number of asset objects unloaded after import = 8
========================================================================
Received Import Request.
  Time since last request: 0.000141 seconds.
  path: Assets/Prefabs/Saturn.prefab
  artifactKey: Guid(e1097c31fb30bab459e0e509d83244ef) Importer(815301076,1909f56bfc062723c751e8b465ee728b)
Start importing Assets/Prefabs/Saturn.prefab using Guid(e1097c31fb30bab459e0e509d83244ef) Importer(815301076,1909f56bfc062723c751e8b465ee728b)  -> (artifact id: '78f846e391470c29e923e12bbf83688a') in 0.044757 seconds
Number of updated asset objects reloaded before import = 0
Number of asset objects unloaded after import = 8
Editor requested this worker to shutdown with reason: Scaling down because of idle timeout
TcpMessagingSession - receive error: operation aborted. errorcode: 995, details: Bir is parçacigi çikisi veya bir uygulama istegi nedeniyle G/Ç islemi iptal edildi.
AssetImportWorker is now disconnected from the server
Process exiting
Exiting without the bug reporter. Application will terminate with return code 0