Using pre-set license
Built from '2022.3/staging' branch; Version is '2022.3.4f1 (35713cd46cd7) revision 3502396'; Using compiler version '192829333'; Build Type 'Release'
OS: 'Windows 11  (10.0.22621) 64bit Professional' Language: 'tr' Physical Memory: 7599 MB
BatchMode: 1, IsHumanControllingUs: 0, StartBugReporterOnCrash: 0, Is64bit: 1, IsPro: 1

COMMAND LINE ARGUMENTS:
C:\Program Files\Unity\Hub\Editor\2022.3.4f1\Editor\Unity.exe
-adb2
-batchMode
-noUpm
-name
AssetImportWorker1
-projectPath
C:/Users/ilayd/OneDrive/Desktop/UNITY EGITIM/Solar System
-logFile
Logs/AssetImportWorker1.log
-srvPort
58953
Successfully changed project path to: C:/Users/ilayd/OneDrive/Desktop/UNITY EGITIM/Solar System
C:/Users/ilayd/OneDrive/Desktop/UNITY EGITIM/Solar System
[UnityMemory] Configuration Parameters - Can be set up in boot.config
    "memorysetup-bucket-allocator-granularity=16"
    "memorysetup-bucket-allocator-bucket-count=8"
    "memorysetup-bucket-allocator-block-size=33554432"
    "memorysetup-bucket-allocator-block-count=8"
    "memorysetup-main-allocator-block-size=16777216"
    "memorysetup-thread-allocator-block-size=16777216"
    "memorysetup-gfx-main-allocator-block-size=16777216"
    "memorysetup-gfx-thread-allocator-block-size=16777216"
    "memorysetup-cache-allocator-block-size=4194304"
    "memorysetup-typetree-allocator-block-size=2097152"
    "memorysetup-profiler-bucket-allocator-granularity=16"
    "memorysetup-profiler-bucket-allocator-bucket-count=8"
    "memorysetup-profiler-bucket-allocator-block-size=33554432"
    "memorysetup-profiler-bucket-allocator-block-count=8"
    "memorysetup-profiler-allocator-block-size=16777216"
    "memorysetup-profiler-editor-allocator-block-size=1048576"
    "memorysetup-temp-allocator-size-main=16777216"
    "memorysetup-job-temp-allocator-block-size=2097152"
    "memorysetup-job-temp-allocator-block-size-background=1048576"
    "memorysetup-job-temp-allocator-reduction-small-platforms=262144"
    "memorysetup-allocator-temp-initial-block-size-main=262144"
    "memorysetup-allocator-temp-initial-block-size-worker=262144"
    "memorysetup-temp-allocator-size-background-worker=32768"
    "memorysetup-temp-allocator-size-job-worker=262144"
    "memorysetup-temp-allocator-size-preload-manager=33554432"
    "memorysetup-temp-allocator-size-nav-mesh-worker=65536"
    "memorysetup-temp-allocator-size-audio-worker=65536"
    "memorysetup-temp-allocator-size-cloud-worker=32768"
    "memorysetup-temp-allocator-size-gi-baking-worker=262144"
    "memorysetup-temp-allocator-size-gfx=262144"
Player connection [19336] Host "[IP] 172.18.64.1 [Port] 0 [Flags] 2 [Guid] 2428751846 [EditorId] 2428751846 [Version] 1048832 [Id] WindowsEditor(7,ilayda) [Debug] 1 [PackageName] WindowsEditor [ProjectName] Editor" joined multi-casting on [225.0.0.222:54997]...

Player connection [19336] Host "[IP] 172.18.64.1 [Port] 0 [Flags] 2 [Guid] 2428751846 [EditorId] 2428751846 [Version] 1048832 [Id] WindowsEditor(7,ilayda) [Debug] 1 [PackageName] WindowsEditor [ProjectName] Editor" joined alternative multi-casting on [225.0.0.222:34997]...

Refreshing native plugins compatible for Editor in 63.76 ms, found 3 plugins.
Preloading 0 native plugins for Editor in 0.00 ms.
Initialize engine version: 2022.3.4f1 (35713cd46cd7)
[Subsystems] Discovering subsystems at path C:/Program Files/Unity/Hub/Editor/2022.3.4f1/Editor/Data/Resources/UnitySubsystems
[Subsystems] Discovering subsystems at path C:/Users/ilayd/OneDrive/Desktop/UNITY EGITIM/Solar System/Assets
GfxDevice: creating device client; threaded=0; jobified=0
Direct3D:
    Version:  Direct3D 11.0 [level 11.1]
    Renderer: NVIDIA GeForce GTX 1650 (ID=0x1f9d)
    Vendor:   NVIDIA
    VRAM:     3950 MB
    Driver:   31.0.15.3179
Initialize mono
Mono path[0] = 'C:/Program Files/Unity/Hub/Editor/2022.3.4f1/Editor/Data/Managed'
Mono path[1] = 'C:/Program Files/Unity/Hub/Editor/2022.3.4f1/Editor/Data/MonoBleedingEdge/lib/mono/unityjit-win32'
Mono config path = 'C:/Program Files/Unity/Hub/Editor/2022.3.4f1/Editor/Data/MonoBleedingEdge/etc'
Using monoOptions --debugger-agent=transport=dt_socket,embedding=1,server=y,suspend=n,address=127.0.0.1:56296
Begin MonoManager ReloadAssembly
Registering precompiled unity dll's ...
Register platform support module: C:/Program Files/Unity/Hub/Editor/2022.3.4f1/Editor/Data/PlaybackEngines/WebGLSupport/UnityEditor.WebGL.Extensions.dll
Register platform support module: C:/Program Files/Unity/Hub/Editor/2022.3.4f1/Editor/Data/PlaybackEngines/AndroidPlayer/UnityEditor.Android.Extensions.dll
Register platform support module: C:/Program Files/Unity/Hub/Editor/2022.3.4f1/Editor/Data/PlaybackEngines/WindowsStandaloneSupport/UnityEditor.WindowsStandalone.Extensions.dll
Register platform support module: C:/Program Files/Unity/Hub/Editor/2022.3.4f1/Editor/Data/PlaybackEngines/MetroSupport/UnityEditor.UWP.Extensions.dll
Registered in 0.483212 seconds.
- Loaded All Assemblies, in  7.154 seconds
Native extension for UWP target not found
Native extension for WindowsStandalone target not found
Native extension for Android target not found
Android Extension - Scanning For ADB Devices 381 ms
Native extension for WebGL target not found
Mono: successfully reloaded assembly
- Finished resetting the current domain, in  1.202 seconds
Domain Reload Profiling: 8355ms
	BeginReloadAssembly (6041ms)
		ExecutionOrderSort (0ms)
		DisableScriptedObjects (0ms)
		BackupInstance (0ms)
		ReleaseScriptingObjects (0ms)
		CreateAndSetChildDomain (2ms)
	RebuildCommonClasses (50ms)
	RebuildNativeTypeToScriptingClass (15ms)
	initialDomainReloadingComplete (571ms)
	LoadAllAssembliesAndSetupDomain (475ms)
		LoadAssemblies (6039ms)
		RebuildTransferFunctionScriptingTraits (0ms)
		AnalyzeDomain (465ms)
			TypeCache.Refresh (463ms)
				TypeCache.ScanAssembly (428ms)
			ScanForSourceGeneratedMonoScriptInfo (1ms)
			ResolveRequiredComponents (1ms)
	FinalizeReload (1203ms)
		ReleaseScriptCaches (0ms)
		RebuildScriptCaches (0ms)
		SetupLoadedEditorAssemblies (1110ms)
			LogAssemblyErrors (0ms)
			InitializePlatformSupportModulesInManaged (706ms)
			SetLoadedEditorAssemblies (12ms)
			RefreshPlugins (0ms)
			BeforeProcessingInitializeOnLoad (7ms)
			ProcessInitializeOnLoadAttributes (273ms)
			ProcessInitializeOnLoadMethodAttributes (111ms)
			AfterProcessingInitializeOnLoad (0ms)
			EditorAssembliesLoaded (0ms)
		ExecutionOrderSort2 (0ms)
		AwakeInstancesAfterBackupRestoration (0ms)
========================================================================
Worker process is ready to serve import requests
Begin MonoManager ReloadAssembly
Symbol file LoadedFromMemory doesn't match image C:\Users\ilayd\OneDrive\Desktop\UNITY EGITIM\Solar System\Library\PackageCache\com.unity.visualscripting@1.8.0\Editor\VisualScripting.Core\Dependencies\YamlDotNet\Unity.VisualScripting.YamlDotNet.dll
Symbol file LoadedFromMemory doesn't match image C:\Users\ilayd\OneDrive\Desktop\UNITY EGITIM\Solar System\Library\PackageCache\com.unity.visualscripting@1.8.0\Editor\VisualScripting.Core\Dependencies\DotNetZip\Unity.VisualScripting.IonicZip.dll
- Loaded All Assemblies, in  4.041 seconds
Refreshing native plugins compatible for Editor in 4.33 ms, found 3 plugins.
Native extension for UWP target not found
Native extension for WindowsStandalone target not found
Native extension for Android target not found
Native extension for WebGL target not found
Mono: successfully reloaded assembly
- Finished resetting the current domain, in  0.752 seconds
Domain Reload Profiling: 4788ms
	BeginReloadAssembly (494ms)
		ExecutionOrderSort (0ms)
		DisableScriptedObjects (10ms)
		BackupInstance (0ms)
		ReleaseScriptingObjects (1ms)
		CreateAndSetChildDomain (69ms)
	RebuildCommonClasses (65ms)
	RebuildNativeTypeToScriptingClass (16ms)
	initialDomainReloadingComplete (95ms)
	LoadAllAssembliesAndSetupDomain (3365ms)
		LoadAssemblies (3081ms)
		RebuildTransferFunctionScriptingTraits (0ms)
		AnalyzeDomain (624ms)
			TypeCache.Refresh (554ms)
				TypeCache.ScanAssembly (520ms)
			ScanForSourceGeneratedMonoScriptInfo (60ms)
			ResolveRequiredComponents (11ms)
	FinalizeReload (754ms)
		ReleaseScriptCaches (0ms)
		RebuildScriptCaches (0ms)
		SetupLoadedEditorAssemblies (459ms)
			LogAssemblyErrors (0ms)
			InitializePlatformSupportModulesInManaged (48ms)
			SetLoadedEditorAssemblies (10ms)
			RefreshPlugins (0ms)
			BeforeProcessingInitializeOnLoad (73ms)
			ProcessInitializeOnLoadAttributes (302ms)
			ProcessInitializeOnLoadMethodAttributes (22ms)
			AfterProcessingInitializeOnLoad (5ms)
			EditorAssembliesLoaded (0ms)
		ExecutionOrderSort2 (0ms)
		AwakeInstancesAfterBackupRestoration (8ms)
Launched and connected shader compiler UnityShaderCompiler.exe after 0.18 seconds
Refreshing native plugins compatible for Editor in 17.74 ms, found 3 plugins.
Preloading 0 native plugins for Editor in 0.00 ms.
Unloading 3066 Unused Serialized files (Serialized files now loaded: 0)
Unloading 31 unused Assets / (56.6 KB). Loaded Objects now: 3533.
Memory consumption went from 121.2 MB to 121.2 MB.
Total: 10.510500 ms (FindLiveObjects: 2.009500 ms CreateObjectMapping: 0.517300 ms MarkObjects: 7.585800 ms  DeleteObjects: 0.392100 ms)

AssetImportParameters requested are different than current active one (requested -> active):
  custom:container-demuxer-ogg: 62fdf1f143b41e24485cea50d1cbac27 -> 
  custom:video-codec-MediaFoundation-h265: 746d11721c4dcdbdad8f713fa42b33f4 -> 
  custom:video-decoder-ogg-theora: a1e56fd34408186e4bbccfd4996cb3dc -> 
  custom:framework-win-MediaFoundation: 216162199b28c13a410421893ffa2e32 -> 
  custom:CustomObjectIndexerAttribute: 756ad292c208cfabdd7b50bc23989ffe -> 
  custom:container-demuxer-webm: 4f35f7cbe854078d1ac9338744f61a02 -> 
  custom:container-muxer-webm: aa71ff27fc2769a1b78a27578f13a17b -> 
  custom:video-decoder-webm-vp8: 9c59270c3fd7afecdb556c50c9e8de78 -> 
  custom:AudioImporter_EditorPlatform: d09bf68614088b80899f8185d706f6e7 -> 
  custom:video-encoder-webm-vp8: eb34c28f22e8b96e1ab97ce403110664 -> 
  custom:audio-decoder-ogg-vorbis: bf7c407c2cedff20999df2af8eb42d56 -> 
  custom:audio-encoder-webm-vorbis: bf7c407c2cedff20999df2af8eb42d56 -> 
========================================================================
Received Import Request.
  Time since last request: 539623.641471 seconds.
  path: Assets/Scripts
  artifactKey: Guid(c9c9ed591a7b2b74594766b837e930a5) Importer(815301076,1909f56bfc062723c751e8b465ee728b)
Start importing Assets/Scripts using Guid(c9c9ed591a7b2b74594766b837e930a5) Importer(815301076,1909f56bfc062723c751e8b465ee728b)  -> (artifact id: '3e5953f8d77b2c6a794205b37536e0ba') in 0.006465 seconds
Number of updated asset objects reloaded before import = 0
Number of asset objects unloaded after import = 0
========================================================================
Received Import Request.
  Time since last request: 1654.683547 seconds.
  path: Assets/Textures/2k_earth_daymap.jpg
  artifactKey: Guid(9ee14367e98962846aec07086720a992) Importer(815301076,1909f56bfc062723c751e8b465ee728b)
Start importing Assets/Textures/2k_earth_daymap.jpg using Guid(9ee14367e98962846aec07086720a992) Importer(815301076,1909f56bfc062723c751e8b465ee728b)  -> (artifact id: '00076f506a439b86a3bb85a1ea039a22') in 0.163035 seconds
Number of updated asset objects reloaded before import = 0
Number of asset objects unloaded after import = 2
========================================================================
Received Import Request.
  Time since last request: 0.000121 seconds.
  path: Assets/Textures/2k_neptune.jpg
  artifactKey: Guid(21ba406c711a66043a51aba0635cbc46) Importer(815301076,1909f56bfc062723c751e8b465ee728b)
Start importing Assets/Textures/2k_neptune.jpg using Guid(21ba406c711a66043a51aba0635cbc46) Importer(815301076,1909f56bfc062723c751e8b465ee728b)  -> (artifact id: '7185bee10039c73a9eb0e1e9cd44f029') in 0.039406 seconds
Number of updated asset objects reloaded before import = 0
Number of asset objects unloaded after import = 2
========================================================================
Received Import Request.
  Time since last request: 0.000363 seconds.
  path: Assets/Textures/2k_eris_fictional.jpg
  artifactKey: Guid(7b4a292f7914a8b4ebc632e6ee2f1af6) Importer(815301076,1909f56bfc062723c751e8b465ee728b)
Start importing Assets/Textures/2k_eris_fictional.jpg using Guid(7b4a292f7914a8b4ebc632e6ee2f1af6) Importer(815301076,1909f56bfc062723c751e8b465ee728b)  -> (artifact id: '6d1e15ab3bd3fcb558737b88fc476910') in 0.069492 seconds
Number of updated asset objects reloaded before import = 0
Number of asset objects unloaded after import = 2
========================================================================
Received Import Request.
  Time since last request: 0.000080 seconds.
  path: Assets/Textures/2k_sun.jpg
  artifactKey: Guid(110a03a39a3afe7459c5d0b84933de36) Importer(815301076,1909f56bfc062723c751e8b465ee728b)
Start importing Assets/Textures/2k_sun.jpg using Guid(110a03a39a3afe7459c5d0b84933de36) Importer(815301076,1909f56bfc062723c751e8b465ee728b)  -> (artifact id: 'dcb7c285c9d87b6c5c87b6efe143e7b1') in 0.051422 seconds
Number of updated asset objects reloaded before import = 0
Number of asset objects unloaded after import = 2
========================================================================
Received Import Request.
  Time since last request: 0.000389 seconds.
  path: Assets/Textures/2k_mercury.jpg
  artifactKey: Guid(ce1a4c28e2f55ec439bd4d16388a1e88) Importer(815301076,1909f56bfc062723c751e8b465ee728b)
Start importing Assets/Textures/2k_mercury.jpg using Guid(ce1a4c28e2f55ec439bd4d16388a1e88) Importer(815301076,1909f56bfc062723c751e8b465ee728b)  -> (artifact id: '9afec6c9c8304d799785731926e22c45') in 0.043787 seconds
Number of updated asset objects reloaded before import = 0
Number of asset objects unloaded after import = 2
========================================================================
Received Import Request.
  Time since last request: 0.000368 seconds.
  path: Assets/Textures/2k_mars.jpg
  artifactKey: Guid(9e7e2292d5f1a4947997fc781311db13) Importer(815301076,1909f56bfc062723c751e8b465ee728b)
Start importing Assets/Textures/2k_mars.jpg using Guid(9e7e2292d5f1a4947997fc781311db13) Importer(815301076,1909f56bfc062723c751e8b465ee728b)  -> (artifact id: 'd2db407a49a009df1dd6a9e9af49f777') in 0.041900 seconds
Number of updated asset objects reloaded before import = 0
Number of asset objects unloaded after import = 2
========================================================================
Received Import Request.
  Time since last request: 0.000060 seconds.
  path: Assets/Textures/2k_stars.jpg
  artifactKey: Guid(4e16e60198aef59409ad358740f61fa3) Importer(815301076,1909f56bfc062723c751e8b465ee728b)
Start importing Assets/Textures/2k_stars.jpg using Guid(4e16e60198aef59409ad358740f61fa3) Importer(815301076,1909f56bfc062723c751e8b465ee728b)  -> (artifact id: '38c42d2657a3d994515c7febd53b528d') in 0.047279 seconds
Number of updated asset objects reloaded before import = 0
Number of asset objects unloaded after import = 2
========================================================================
Received Import Request.
  Time since last request: 0.000072 seconds.
  path: Assets/Textures/2k_moon.jpg
  artifactKey: Guid(4533bac04f32ecf40ba6009f2682dbda) Importer(815301076,1909f56bfc062723c751e8b465ee728b)
Start importing Assets/Textures/2k_moon.jpg using Guid(4533bac04f32ecf40ba6009f2682dbda) Importer(815301076,1909f56bfc062723c751e8b465ee728b)  -> (artifact id: '43707ca2cc2efdc7413aa09dac474158') in 0.036184 seconds
Number of updated asset objects reloaded before import = 0
Number of asset objects unloaded after import = 2
Editor requested this worker to shutdown with reason: Scaling down because of idle timeout
TcpMessagingSession - receive error: operation aborted. errorcode: 995, details: Bir is parçacigi çikisi veya bir uygulama istegi nedeniyle G/Ç islemi iptal edildi.
AssetImportWorker is now disconnected from the server
Process exiting
Exiting without the bug reporter. Application will terminate with return code 0